<?xml version="1.0" encoding="UTF-8"?>
<testng-results total="1" passed="1" failed="0" skipped="0">
  <reporter-output>
  </reporter-output>
  <suite started-at="2024-01-11T07:28:07Z" name="Default suite" finished-at="2024-01-11T07:28:20Z" duration-ms="13609">
    <groups>
    </groups>
    <test started-at="2024-01-11T07:28:07Z" name="Default test" finished-at="2024-01-11T07:28:20Z" duration-ms="13609">
      <class name="jenkins.login">
        <test-method is-config="true" signature="amazonlogin()[pri:0, instance:jenkins.login@7ce69770]" started-at="2024-01-11T12:58:07Z" name="amazonlogin" finished-at="2024-01-11T12:58:07Z" duration-ms="7" status="PASS">
          <reporter-output>
          </reporter-output>
        </test-method> <!-- amazonlogin -->
        <test-method signature="enter()[pri:0, instance:jenkins.login@7ce69770]" started-at="2024-01-11T12:58:07Z" name="enter" finished-at="2024-01-11T12:58:20Z" duration-ms="13589" status="PASS">
          <reporter-output>
          </reporter-output>
        </test-method> <!-- enter -->
        <test-method is-config="true" signature="teardown()[pri:0, instance:jenkins.login@7ce69770]" started-at="2024-01-11T12:58:20Z" name="teardown" finished-at="2024-01-11T12:58:20Z" duration-ms="0" status="PASS">
          <reporter-output>
          </reporter-output>
        </test-method> <!-- teardown -->
      </class> <!-- jenkins.login -->
    </test> <!-- Default test -->
  </suite> <!-- Default suite -->
</testng-results>
